current directory: /home/luke/Programs/group-29-hack-ireland/.devenv/state/.bundle/ruby/3.1.0/gems/msgpack-1.8.0/ext/msgpack
/nix/store/s3l2k1x8v7x7kisg21mgg014gqm3aqgl-ruby-3.1.6/bin/ruby extconf.rb
checking for rb_enc_interned_str() in ruby.h... yes
checking for rb_hash_new_capa() in ruby.h... no
checking for rb_proc_call_with_block() in ruby.h... yes
checking for rb_gc_mark_locations() in ruby.h... yes
checking for whether -fvisibility=hidden is accepted as CFLAGS... yes
checking for whether -I.. is accepted as CFLAGS... yes
checking for whether -Wall is accepted as CFLAGS... yes
checking for whether -std=gnu99 is accepted as CFLAGS... yes
checking for whether -DHASH_ASET_DEDUPE=1 is accepted as CFLAGS... yes
checking for whether -DSTR_UMINUS_DEDUPE_FROZEN=1 is accepted as CFLAGS... yes
creating Makefile

current directory: /home/luke/Programs/group-29-hack-ireland/.devenv/state/.bundle/ruby/3.1.0/gems/msgpack-1.8.0/ext/msgpack
make DESTDIR\= sitearchdir\=./.gem.20250222-69455-7j6b22 sitelibdir\=./.gem.20250222-69455-7j6b22 clean

current directory: /home/luke/Programs/group-29-hack-ireland/.devenv/state/.bundle/ruby/3.1.0/gems/msgpack-1.8.0/ext/msgpack
make DESTDIR\= sitearchdir\=./.gem.20250222-69455-7j6b22 sitelibdir\=./.gem.20250222-69455-7j6b22
compiling buffer.c
compiling buffer_class.c
compiling extension_value_class.c
compiling factory_class.c
compiling packer.c
compiling packer_class.c
compiling packer_ext_registry.c
compiling rbinit.c
compiling rmem.c
compiling unpacker.c
compiling unpacker_class.c
compiling unpacker_ext_registry.c
linking shared-object msgpack/msgpack.so

current directory: /home/luke/Programs/group-29-hack-ireland/.devenv/state/.bundle/ruby/3.1.0/gems/msgpack-1.8.0/ext/msgpack
make DESTDIR\= sitearchdir\=./.gem.20250222-69455-7j6b22 sitelibdir\=./.gem.20250222-69455-7j6b22 install
install -c -p -m 755 msgpack.so ./.gem.20250222-69455-7j6b22/msgpack

current directory: /home/luke/Programs/group-29-hack-ireland/.devenv/state/.bundle/ruby/3.1.0/gems/msgpack-1.8.0/ext/msgpack
make DESTDIR\= sitearchdir\=./.gem.20250222-69455-7j6b22 sitelibdir\=./.gem.20250222-69455-7j6b22 clean
