current directory: /home/luke/Programs/group-29-hack-ireland/.devenv/state/.bundle/ruby/3.1.0/gems/date-3.4.1/ext/date
/nix/store/s3l2k1x8v7x7kisg21mgg014gqm3aqgl-ruby-3.1.6/bin/ruby extconf.rb
checking for rb_category_warn()... yes
checking for timezone in time.h with  -Werror... yes
checking for altzone in time.h with  -Werror... no
creating Makefile

current directory: /home/luke/Programs/group-29-hack-ireland/.devenv/state/.bundle/ruby/3.1.0/gems/date-3.4.1/ext/date
make DESTDIR\= sitearchdir\=./.gem.20250222-69455-6jd21d sitelibdir\=./.gem.20250222-69455-6jd21d clean

current directory: /home/luke/Programs/group-29-hack-ireland/.devenv/state/.bundle/ruby/3.1.0/gems/date-3.4.1/ext/date
make DESTDIR\= sitearchdir\=./.gem.20250222-69455-6jd21d sitelibdir\=./.gem.20250222-69455-6jd21d
compiling date_core.c
compiling date_parse.c
compiling date_strftime.c
compiling date_strptime.c
linking shared-object date_core.so

current directory: /home/luke/Programs/group-29-hack-ireland/.devenv/state/.bundle/ruby/3.1.0/gems/date-3.4.1/ext/date
make DESTDIR\= sitearchdir\=./.gem.20250222-69455-6jd21d sitelibdir\=./.gem.20250222-69455-6jd21d install
install -c -p -m 755 date_core.so ./.gem.20250222-69455-6jd21d

current directory: /home/luke/Programs/group-29-hack-ireland/.devenv/state/.bundle/ruby/3.1.0/gems/date-3.4.1/ext/date
make DESTDIR\= sitearchdir\=./.gem.20250222-69455-6jd21d sitelibdir\=./.gem.20250222-69455-6jd21d clean
