current directory: /home/luke/Programs/group-29-hack-ireland/.devenv/state/.bundle/ruby/3.1.0/gems/io-console-0.8.0/ext/io/console
/nix/store/s3l2k1x8v7x7kisg21mgg014gqm3aqgl-ruby-3.1.6/bin/ruby extconf.rb
checking for rb_syserr_fail_str(0, Qnil)... yes
checking for rb_interned_str_cstr()... yes
checking for rb_io_path()... no
checking for rb_io_descriptor()... yes
checking for rb_io_get_write_io()... yes
checking for rb_io_closed_p()... no
checking for rb_io_open_descriptor()... no
checking for rb_ractor_local_storage_value_newkey()... yes
checking for termios.h... yes
checking for cfmakeraw() in termios.h... yes
checking for sys/ioctl.h... yes
checking for HAVE_RUBY_FIBER_SCHEDULER_H... yes
checking for ttyname_r()... yes
creating Makefile

current directory: /home/luke/Programs/group-29-hack-ireland/.devenv/state/.bundle/ruby/3.1.0/gems/io-console-0.8.0/ext/io/console
make DESTDIR\= sitearchdir\=./.gem.20250222-69455-te6kqi sitelibdir\=./.gem.20250222-69455-te6kqi clean

current directory: /home/luke/Programs/group-29-hack-ireland/.devenv/state/.bundle/ruby/3.1.0/gems/io-console-0.8.0/ext/io/console
make DESTDIR\= sitearchdir\=./.gem.20250222-69455-te6kqi sitelibdir\=./.gem.20250222-69455-te6kqi
compiling console.c
linking shared-object io/console.so

current directory: /home/luke/Programs/group-29-hack-ireland/.devenv/state/.bundle/ruby/3.1.0/gems/io-console-0.8.0/ext/io/console
make DESTDIR\= sitearchdir\=./.gem.20250222-69455-te6kqi sitelibdir\=./.gem.20250222-69455-te6kqi install
install -c -p -m 755 console.so ./.gem.20250222-69455-te6kqi/io

current directory: /home/luke/Programs/group-29-hack-ireland/.devenv/state/.bundle/ruby/3.1.0/gems/io-console-0.8.0/ext/io/console
make DESTDIR\= sitearchdir\=./.gem.20250222-69455-te6kqi sitelibdir\=./.gem.20250222-69455-te6kqi clean
