current directory: /home/luke/Programs/group-29-hack-ireland/.devenv/state/.bundle/ruby/3.3.0/gems/date-3.4.1/ext/date
/nix/store/0ws1v8mcnqh6zkhdw7i5p5yb0rvcx188-ruby-3.3.5/bin/ruby extconf.rb
checking for rb_category_warn()... yes
checking for timezone in time.h with  -Werror... yes
checking for altzone in time.h with  -Werror... no
creating Makefile

current directory: /home/luke/Programs/group-29-hack-ireland/.devenv/state/.bundle/ruby/3.3.0/gems/date-3.4.1/ext/date
make DESTDIR\= sitearchdir\=./.gem.20250222-145306-9gnzud sitelibdir\=./.gem.20250222-145306-9gnzud clean

current directory: /home/luke/Programs/group-29-hack-ireland/.devenv/state/.bundle/ruby/3.3.0/gems/date-3.4.1/ext/date
make DESTDIR\= sitearchdir\=./.gem.20250222-145306-9gnzud sitelibdir\=./.gem.20250222-145306-9gnzud
compiling date_core.c
compiling date_parse.c
compiling date_strftime.c
compiling date_strptime.c
linking shared-object date_core.so

current directory: /home/luke/Programs/group-29-hack-ireland/.devenv/state/.bundle/ruby/3.3.0/gems/date-3.4.1/ext/date
make DESTDIR\= sitearchdir\=./.gem.20250222-145306-9gnzud sitelibdir\=./.gem.20250222-145306-9gnzud install
install -c -p -m 755 date_core.so ./.gem.20250222-145306-9gnzud

current directory: /home/luke/Programs/group-29-hack-ireland/.devenv/state/.bundle/ruby/3.3.0/gems/date-3.4.1/ext/date
make DESTDIR\= sitearchdir\=./.gem.20250222-145306-9gnzud sitelibdir\=./.gem.20250222-145306-9gnzud clean
