current directory: /home/luke/Programs/group-29-hack-ireland/.devenv/state/.bundle/ruby/3.3.0/gems/json-2.10.1/ext/json/ext/parser
/nix/store/0ws1v8mcnqh6zkhdw7i5p5yb0rvcx188-ruby-3.3.5/bin/ruby extconf.rb
checking for rb_enc_interned_str() in ruby.h... yes
checking for rb_hash_new_capa() in ruby.h... yes
checking for rb_hash_bulk_insert() in ruby.h... yes
checking for rb_category_warn() in ruby.h... yes
checking for strnlen() in string.h... yes
checking for whether -std=c99 is accepted as CFLAGS... yes
creating Makefile

current directory: /home/luke/Programs/group-29-hack-ireland/.devenv/state/.bundle/ruby/3.3.0/gems/json-2.10.1/ext/json/ext/parser
make DESTDIR\= sitearchdir\=./.gem.20250222-145306-bue7lb sitelibdir\=./.gem.20250222-145306-bue7lb clean

current directory: /home/luke/Programs/group-29-hack-ireland/.devenv/state/.bundle/ruby/3.3.0/gems/json-2.10.1/ext/json/ext/parser
make DESTDIR\= sitearchdir\=./.gem.20250222-145306-bue7lb sitelibdir\=./.gem.20250222-145306-bue7lb
compiling parser.c
linking shared-object json/ext/parser.so

current directory: /home/luke/Programs/group-29-hack-ireland/.devenv/state/.bundle/ruby/3.3.0/gems/json-2.10.1/ext/json/ext/parser
make DESTDIR\= sitearchdir\=./.gem.20250222-145306-bue7lb sitelibdir\=./.gem.20250222-145306-bue7lb install
install -c -p -m 755 parser.so ./.gem.20250222-145306-bue7lb/json/ext

current directory: /home/luke/Programs/group-29-hack-ireland/.devenv/state/.bundle/ruby/3.3.0/gems/json-2.10.1/ext/json/ext/parser
make DESTDIR\= sitearchdir\=./.gem.20250222-145306-bue7lb sitelibdir\=./.gem.20250222-145306-bue7lb clean
