current directory: /home/luke/Programs/group-29-hack-ireland/.devenv/state/.bundle/ruby/3.1.0/gems/json-2.10.1/ext/json/ext/parser
/nix/store/s3l2k1x8v7x7kisg21mgg014gqm3aqgl-ruby-3.1.6/bin/ruby extconf.rb
checking for rb_enc_interned_str() in ruby.h... yes
checking for rb_hash_new_capa() in ruby.h... no
checking for rb_hash_bulk_insert() in ruby.h... yes
checking for rb_category_warn() in ruby.h... yes
checking for strnlen() in string.h... yes
checking for whether -std=c99 is accepted as CFLAGS... yes
creating Makefile

current directory: /home/luke/Programs/group-29-hack-ireland/.devenv/state/.bundle/ruby/3.1.0/gems/json-2.10.1/ext/json/ext/parser
make DESTDIR\= sitearchdir\=./.gem.20250222-69455-pgyq30 sitelibdir\=./.gem.20250222-69455-pgyq30 clean

current directory: /home/luke/Programs/group-29-hack-ireland/.devenv/state/.bundle/ruby/3.1.0/gems/json-2.10.1/ext/json/ext/parser
make DESTDIR\= sitearchdir\=./.gem.20250222-69455-pgyq30 sitelibdir\=./.gem.20250222-69455-pgyq30
compiling parser.c
linking shared-object json/ext/parser.so

current directory: /home/luke/Programs/group-29-hack-ireland/.devenv/state/.bundle/ruby/3.1.0/gems/json-2.10.1/ext/json/ext/parser
make DESTDIR\= sitearchdir\=./.gem.20250222-69455-pgyq30 sitelibdir\=./.gem.20250222-69455-pgyq30 install
install -c -p -m 755 parser.so ./.gem.20250222-69455-pgyq30/json/ext

current directory: /home/luke/Programs/group-29-hack-ireland/.devenv/state/.bundle/ruby/3.1.0/gems/json-2.10.1/ext/json/ext/parser
make DESTDIR\= sitearchdir\=./.gem.20250222-69455-pgyq30 sitelibdir\=./.gem.20250222-69455-pgyq30 clean
