current directory: /home/luke/Programs/group-29-hack-ireland/.devenv/state/.bundle/ruby/3.3.0/gems/psych-5.2.3/ext/psych
/nix/store/0ws1v8mcnqh6zkhdw7i5p5yb0rvcx188-ruby-3.3.5/bin/ruby extconf.rb
checking for pkg-config for yaml-0.1... ["-I/nix/store/dwbkza6h9mdrpyv7s9n3kb4smcmf8rid-libyaml-0.2.5-dev/include ", "-L/nix/store/s5y8cgwj9saik6hpxq6hvry31hggnxij-libyaml-0.2.5/lib", "-lyaml"]
checking for yaml.h... yes
checking for yaml_get_version() in -lyaml... yes
creating Makefile

current directory: /home/luke/Programs/group-29-hack-ireland/.devenv/state/.bundle/ruby/3.3.0/gems/psych-5.2.3/ext/psych
make DESTDIR\= sitearchdir\=./.gem.20250222-145306-ofz23c sitelibdir\=./.gem.20250222-145306-ofz23c clean
cd libyaml && make clean
/bin/sh: line 1: cd: libyaml: No such file or directory
make: [Makefile:283: clean-so] Error 1 (ignored)

current directory: /home/luke/Programs/group-29-hack-ireland/.devenv/state/.bundle/ruby/3.3.0/gems/psych-5.2.3/ext/psych
make DESTDIR\= sitearchdir\=./.gem.20250222-145306-ofz23c sitelibdir\=./.gem.20250222-145306-ofz23c
compiling psych.c
compiling psych_emitter.c
compiling psych_parser.c
compiling psych_to_ruby.c
compiling psych_yaml_tree.c
linking shared-object psych.so

current directory: /home/luke/Programs/group-29-hack-ireland/.devenv/state/.bundle/ruby/3.3.0/gems/psych-5.2.3/ext/psych
make DESTDIR\= sitearchdir\=./.gem.20250222-145306-ofz23c sitelibdir\=./.gem.20250222-145306-ofz23c install
install -c -p -m 755 psych.so ./.gem.20250222-145306-ofz23c

current directory: /home/luke/Programs/group-29-hack-ireland/.devenv/state/.bundle/ruby/3.3.0/gems/psych-5.2.3/ext/psych
make DESTDIR\= sitearchdir\=./.gem.20250222-145306-ofz23c sitelibdir\=./.gem.20250222-145306-ofz23c clean
cd libyaml && make clean
/bin/sh: line 1: cd: libyaml: No such file or directory
make: [Makefile:283: clean-so] Error 1 (ignored)
