current directory: /home/luke/Programs/group-29-hack-ireland/.devenv/state/.bundle/ruby/3.3.0/gems/pg-1.5.9/ext
/nix/store/0ws1v8mcnqh6zkhdw7i5p5yb0rvcx188-ruby-3.3.5/bin/ruby extconf.rb
Calling libpq with GVL unlocked
checking for pg_config... yes
Using config values from /nix/store/207n898zbi7mb5scjaf532v78c3rll9f-postgresql-16.5-dev/bin/pg_config
Using libpq from /nix/store/qi2zbhdnzdci7i0a6g64mbkk8wnzznlh-postgresql-16.5-lib/lib
checking for libpq-fe.h... yes
checking for libpq/libpq-fs.h... yes
checking for pg_config_manual.h... yes
checking for PQconnectdb() in -lpq... yes
checking for PQconninfo() in libpq-fe.h... yes
checking for PQsslAttribute() in libpq-fe.h... yes
checking for PQresultVerboseErrorMessage() in libpq-fe.h... yes
checking for PQencryptPasswordConn() in libpq-fe.h... yes
checking for PQresultMemorySize() in libpq-fe.h... yes
checking for PQenterPipelineMode() in libpq-fe.h... yes
checking for timegm()... yes
checking for rb_gc_adjust_memory_usage()... yes
checking for rb_gc_mark_movable()... yes
checking for rb_io_wait()... yes
checking for rb_io_descriptor()... yes
checking for unistd.h... yes
checking for inttypes.h... yes
checking for C99 variable length arrays... yes
creating extconf.h
creating Makefile

current directory: /home/luke/Programs/group-29-hack-ireland/.devenv/state/.bundle/ruby/3.3.0/gems/pg-1.5.9/ext
make DESTDIR\= sitearchdir\=./.gem.20250222-145306-jaad52 sitelibdir\=./.gem.20250222-145306-jaad52 clean

current directory: /home/luke/Programs/group-29-hack-ireland/.devenv/state/.bundle/ruby/3.3.0/gems/pg-1.5.9/ext
make DESTDIR\= sitearchdir\=./.gem.20250222-145306-jaad52 sitelibdir\=./.gem.20250222-145306-jaad52
compiling gvl_wrappers.c
compiling pg.c
compiling pg_binary_decoder.c
compiling pg_binary_encoder.c
compiling pg_coder.c
compiling pg_connection.c
compiling pg_copy_coder.c
compiling pg_errors.c
compiling pg_record_coder.c
compiling pg_result.c
compiling pg_text_decoder.c
compiling pg_text_encoder.c
compiling pg_tuple.c
compiling pg_type_map.c
compiling pg_type_map_all_strings.c
compiling pg_type_map_by_class.c
compiling pg_type_map_by_column.c
compiling pg_type_map_by_mri_type.c
compiling pg_type_map_by_oid.c
compiling pg_type_map_in_ruby.c
compiling pg_util.c
linking shared-object pg_ext.so

current directory: /home/luke/Programs/group-29-hack-ireland/.devenv/state/.bundle/ruby/3.3.0/gems/pg-1.5.9/ext
make DESTDIR\= sitearchdir\=./.gem.20250222-145306-jaad52 sitelibdir\=./.gem.20250222-145306-jaad52 install
install -c -p -m 755 pg_ext.so ./.gem.20250222-145306-jaad52
installing pg_ext libraries
install -c -p -m 644 postgresql_lib_path.rb .gem.20250222-145306-jaad52/pg/

current directory: /home/luke/Programs/group-29-hack-ireland/.devenv/state/.bundle/ruby/3.3.0/gems/pg-1.5.9/ext
make DESTDIR\= sitearchdir\=./.gem.20250222-145306-jaad52 sitelibdir\=./.gem.20250222-145306-jaad52 clean
